This file contains any messages produced by compilers while
running configure, to aid debugging if configure makes a mistake.

It was created by irccmd configure 1.0, which was
generated by GNU Autoconf 2.67.  Invocation command line was

  $ ./configure --build=x86_64-linux-gnu --prefix=/usr --includedir=${prefix}/include --mandir=${prefix}/share/man --infodir=${prefix}/share/info --sysconfdir=/etc --localstatedir=/var --libexecdir=${prefix}/lib/irccmd --disable-maintainer-mode --disable-dependency-tracking

## --------- ##
## Platform. ##
## --------- ##

hostname = cor.incas3.local
uname -m = x86_64
uname -r = 2.6.35-24-generic
uname -s = Linux
uname -v = #42-Ubuntu SMP Thu Dec 2 02:41:37 UTC 2010

/usr/bin/uname -p = unknown
/bin/uname -X     = unknown

/bin/arch              = unknown
/usr/bin/arch -k       = unknown
/usr/convex/getsysinfo = unknown
/usr/bin/hostinfo      = unknown
/bin/machine           = unknown
/usr/bin/oslevel       = unknown
/bin/universe          = unknown

PATH: /home/cor/bin
PATH: /usr/local/sbin
PATH: /usr/local/bin
PATH: /usr/sbin
PATH: /usr/bin
PATH: /sbin
PATH: /bin
PATH: /usr/games
PATH: /var/lib/gems/1.8/bin


## ----------- ##
## Core tests. ##
## ----------- ##

configure:2085: checking for a BSD-compatible install
configure:2153: result: /usr/bin/install -c
configure:2164: checking whether build environment is sane
configure:2214: result: yes
configure:2355: checking for a thread-safe mkdir -p
configure:2394: result: /bin/mkdir -p
configure:2407: checking for gawk
configure:2423: found /usr/bin/gawk
configure:2434: result: gawk
configure:2445: checking whether make sets $(MAKE)
configure:2467: result: yes
configure:2595: checking for gcc
configure:2611: found /usr/bin/gcc
configure:2622: result: gcc
configure:2851: checking for C compiler version
configure:2860: gcc --version >&5
gcc (Ubuntu/Linaro 4.4.4-14ubuntu5) 4.4.5
Copyright (C) 2010 Free Software Foundation, Inc.
This is free software; see the source for copying conditions.  There is NO
warranty; not even for MERCHANTABILITY or FITNESS FOR A PARTICULAR PURPOSE.

configure:2871: $? = 0
configure:2860: gcc -v >&5
Using built-in specs.
Target: x86_64-linux-gnu
Configured with: ../src/configure -v --with-pkgversion='Ubuntu/Linaro 4.4.4-14ubuntu5' --with-bugurl=file:///usr/share/doc/gcc-4.4/README.Bugs --enable-languages=c,c++,fortran,objc,obj-c++ --prefix=/usr --program-suffix=-4.4 --enable-shared --enable-multiarch --enable-linker-build-id --with-system-zlib --libexecdir=/usr/lib --without-included-gettext --enable-threads=posix --with-gxx-include-dir=/usr/include/c++/4.4 --libdir=/usr/lib --enable-nls --with-sysroot=/ --enable-clocale=gnu --enable-libstdcxx-debug --enable-objc-gc --disable-werror --with-arch-32=i686 --with-tune=generic --enable-checking=release --build=x86_64-linux-gnu --host=x86_64-linux-gnu --target=x86_64-linux-gnu
Thread model: posix
gcc version 4.4.5 (Ubuntu/Linaro 4.4.4-14ubuntu5) 
configure:2871: $? = 0
configure:2860: gcc -V >&5
gcc: '-V' option must have argument
configure:2871: $? = 1
configure:2860: gcc -qversion >&5
gcc: unrecognized option '-qversion'
gcc: no input files
configure:2871: $? = 1
configure:2891: checking whether the C compiler works
configure:2913: gcc -g -O2   -I/usr/include/libircclient/ -Wl,-Bsymbolic-functions  conftest.c  >&5
configure:2917: $? = 0
configure:2965: result: yes
configure:2968: checking for C compiler default output file name
configure:2970: result: a.out
configure:2976: checking for suffix of executables
configure:2983: gcc -o conftest -g -O2   -I/usr/include/libircclient/ -Wl,-Bsymbolic-functions  conftest.c  >&5
configure:2987: $? = 0
configure:3009: result: 
configure:3031: checking whether we are cross compiling
configure:3039: gcc -o conftest -g -O2   -I/usr/include/libircclient/ -Wl,-Bsymbolic-functions  conftest.c  >&5
configure:3043: $? = 0
configure:3050: ./conftest
configure:3054: $? = 0
configure:3069: result: no
configure:3074: checking for suffix of object files
configure:3096: gcc -c -g -O2   -I/usr/include/libircclient/ conftest.c >&5
configure:3100: $? = 0
configure:3121: result: o
configure:3125: checking whether we are using the GNU C compiler
configure:3144: gcc -c -g -O2   -I/usr/include/libircclient/ conftest.c >&5
configure:3144: $? = 0
configure:3153: result: yes
configure:3162: checking whether gcc accepts -g
configure:3182: gcc -c -g  -I/usr/include/libircclient/ conftest.c >&5
configure:3182: $? = 0
configure:3223: result: yes
configure:3240: checking for gcc option to accept ISO C89
configure:3304: gcc  -c -g -O2   -I/usr/include/libircclient/ conftest.c >&5
configure:3304: $? = 0
configure:3317: result: none needed
configure:3348: checking for style of include used by make
configure:3376: result: GNU
configure:3401: checking dependency style of gcc
configure:3511: result: none
configure:3529: checking for  luaL_newstate in -l lua5.1
configure:3554: gcc -o conftest -g -O2   -I/usr/include/libircclient/ -Wl,-Bsymbolic-functions  conftest.c -l lua5.1   >&5
configure:3554: $? = 0
configure:3564: result: yes
configure:3573: checking for  arg_parse in -l argtable2
configure:3598: gcc -o conftest -g -O2   -I/usr/include/libircclient/ -Wl,-Bsymbolic-functions  conftest.c -l argtable2   >&5
configure:3598: $? = 0
configure:3608: result: yes
configure:3617: checking for  irc_create_session in -l ircclient
configure:3642: gcc -o conftest -g -O2   -I/usr/include/libircclient/ -Wl,-Bsymbolic-functions  conftest.c -l ircclient   >&5
configure:3642: $? = 0
configure:3652: result: yes
configure:3661: checking for  luaL_newstate  in -l lua5.1
configure:3686: gcc -o conftest -g -O2   -I/usr/include/libircclient/ -Wl,-Bsymbolic-functions  conftest.c -l lua5.1   >&5
configure:3686: $? = 0
configure:3696: result: yes
configure:3708: checking for  arg_parse  in -l argtable2
configure:3733: gcc -o conftest -g -O2   -I/usr/include/libircclient/ -Wl,-Bsymbolic-functions  conftest.c -l argtable2  -l lua5.1  >&5
configure:3733: $? = 0
configure:3743: result: yes
configure:3755: checking for  irc_create_session  in -l ircclient
configure:3780: gcc -o conftest -g -O2   -I/usr/include/libircclient/ -Wl,-Bsymbolic-functions  conftest.c -l ircclient  -l argtable2 -l lua5.1  >&5
configure:3780: $? = 0
configure:3790: result: yes
configure:3807: checking how to run the C preprocessor
configure:3838: gcc -E  -I/usr/include/libircclient/ conftest.c
configure:3838: $? = 0
configure:3852: gcc -E  -I/usr/include/libircclient/ conftest.c
conftest.c:14: fatal error: ac_nonexistent.h: No such file or directory
compilation terminated.
configure:3852: $? = 1
configure: failed program was:
| /* confdefs.h */
| #define PACKAGE_NAME "irccmd"
| #define PACKAGE_TARNAME "irccmd"
| #define PACKAGE_VERSION "1.0"
| #define PACKAGE_STRING "irccmd 1.0"
| #define PACKAGE_BUGREPORT "corpeters@@incas3.eu"
| #define PACKAGE_URL ""
| #define PACKAGE "irccmd"
| #define VERSION "1.0"
| #define HAVE_LIB_LUA5_1 1
| #define HAVE_LIB_ARGTABLE2 1
| #define HAVE_LIB_IRCCLIENT 1
| /* end confdefs.h.  */
| #include <ac_nonexistent.h>
configure:3877: result: gcc -E
configure:3897: gcc -E  -I/usr/include/libircclient/ conftest.c
configure:3897: $? = 0
configure:3911: gcc -E  -I/usr/include/libircclient/ conftest.c
conftest.c:14: fatal error: ac_nonexistent.h: No such file or directory
compilation terminated.
configure:3911: $? = 1
configure: failed program was:
| /* confdefs.h */
| #define PACKAGE_NAME "irccmd"
| #define PACKAGE_TARNAME "irccmd"
| #define PACKAGE_VERSION "1.0"
| #define PACKAGE_STRING "irccmd 1.0"
| #define PACKAGE_BUGREPORT "corpeters@@incas3.eu"
| #define PACKAGE_URL ""
| #define PACKAGE "irccmd"
| #define VERSION "1.0"
| #define HAVE_LIB_LUA5_1 1
| #define HAVE_LIB_ARGTABLE2 1
| #define HAVE_LIB_IRCCLIENT 1
| /* end confdefs.h.  */
| #include <ac_nonexistent.h>
configure:3940: checking for grep that handles long lines and -e
configure:3998: result: /bin/grep
configure:4003: checking for egrep
configure:4065: result: /bin/grep -E
configure:4070: checking for ANSI C header files
configure:4090: gcc -c -g -O2   -I/usr/include/libircclient/ conftest.c >&5
configure:4090: $? = 0
configure:4163: gcc -o conftest -g -O2   -I/usr/include/libircclient/ -Wl,-Bsymbolic-functions  conftest.c -l ircclient -l argtable2 -l lua5.1  >&5
configure:4163: $? = 0
configure:4163: ./conftest
configure:4163: $? = 0
configure:4174: result: yes
configure:4187: checking for sys/types.h
configure:4187: gcc -c -g -O2   -I/usr/include/libircclient/ conftest.c >&5
configure:4187: $? = 0
configure:4187: result: yes
configure:4187: checking for sys/stat.h
configure:4187: gcc -c -g -O2   -I/usr/include/libircclient/ conftest.c >&5
configure:4187: $? = 0
configure:4187: result: yes
configure:4187: checking for stdlib.h
configure:4187: gcc -c -g -O2   -I/usr/include/libircclient/ conftest.c >&5
configure:4187: $? = 0
configure:4187: result: yes
configure:4187: checking for string.h
configure:4187: gcc -c -g -O2   -I/usr/include/libircclient/ conftest.c >&5
configure:4187: $? = 0
configure:4187: result: yes
configure:4187: checking for memory.h
configure:4187: gcc -c -g -O2   -I/usr/include/libircclient/ conftest.c >&5
configure:4187: $? = 0
configure:4187: result: yes
configure:4187: checking for strings.h
configure:4187: gcc -c -g -O2   -I/usr/include/libircclient/ conftest.c >&5
configure:4187: $? = 0
configure:4187: result: yes
configure:4187: checking for inttypes.h
configure:4187: gcc -c -g -O2   -I/usr/include/libircclient/ conftest.c >&5
configure:4187: $? = 0
configure:4187: result: yes
configure:4187: checking for stdint.h
configure:4187: gcc -c -g -O2   -I/usr/include/libircclient/ conftest.c >&5
configure:4187: $? = 0
configure:4187: result: yes
configure:4187: checking for unistd.h
configure:4187: gcc -c -g -O2   -I/usr/include/libircclient/ conftest.c >&5
configure:4187: $? = 0
configure:4187: result: yes
configure:4201: checking stdbool.h usability
configure:4201: gcc -c -g -O2   -I/usr/include/libircclient/ conftest.c >&5
configure:4201: $? = 0
configure:4201: result: yes
configure:4201: checking stdbool.h presence
configure:4201: gcc -E  -I/usr/include/libircclient/ conftest.c
configure:4201: $? = 0
configure:4201: result: yes
configure:4201: checking for stdbool.h
configure:4201: result: yes
configure:4213: checking signal.h usability
configure:4213: gcc -c -g -O2   -I/usr/include/libircclient/ conftest.c >&5
configure:4213: $? = 0
configure:4213: result: yes
configure:4213: checking signal.h presence
configure:4213: gcc -E  -I/usr/include/libircclient/ conftest.c
configure:4213: $? = 0
configure:4213: result: yes
configure:4213: checking for signal.h
configure:4213: result: yes
configure:4225: checking errno.h usability
configure:4225: gcc -c -g -O2   -I/usr/include/libircclient/ conftest.c >&5
configure:4225: $? = 0
configure:4225: result: yes
configure:4225: checking errno.h presence
configure:4225: gcc -E  -I/usr/include/libircclient/ conftest.c
configure:4225: $? = 0
configure:4225: result: yes
configure:4225: checking for errno.h
configure:4225: result: yes
configure:4237: checking fcntl.h usability
configure:4237: gcc -c -g -O2   -I/usr/include/libircclient/ conftest.c >&5
configure:4237: $? = 0
configure:4237: result: yes
configure:4237: checking fcntl.h presence
configure:4237: gcc -E  -I/usr/include/libircclient/ conftest.c
configure:4237: $? = 0
configure:4237: result: yes
configure:4237: checking for fcntl.h
configure:4237: result: yes
configure:4249: checking sys/select.h usability
configure:4249: gcc -c -g -O2   -I/usr/include/libircclient/ conftest.c >&5
configure:4249: $? = 0
configure:4249: result: yes
configure:4249: checking sys/select.h presence
configure:4249: gcc -E  -I/usr/include/libircclient/ conftest.c
configure:4249: $? = 0
configure:4249: result: yes
configure:4249: checking for sys/select.h
configure:4249: result: yes
configure:4261: checking sys/time.h usability
configure:4261: gcc -c -g -O2   -I/usr/include/libircclient/ conftest.c >&5
configure:4261: $? = 0
configure:4261: result: yes
configure:4261: checking sys/time.h presence
configure:4261: gcc -E  -I/usr/include/libircclient/ conftest.c
configure:4261: $? = 0
configure:4261: result: yes
configure:4261: checking for sys/time.h
configure:4261: result: yes
configure:4274: checking lua5.1/lua.h usability
configure:4274: gcc -c -g -O2   -I/usr/include/libircclient/ conftest.c >&5
configure:4274: $? = 0
configure:4274: result: yes
configure:4274: checking lua5.1/lua.h presence
configure:4274: gcc -E  -I/usr/include/libircclient/ conftest.c
configure:4274: $? = 0
configure:4274: result: yes
configure:4274: checking for lua5.1/lua.h
configure:4274: result: yes
configure:4286: checking lua5.1/lualib.h usability
configure:4286: gcc -c -g -O2   -I/usr/include/libircclient/ conftest.c >&5
configure:4286: $? = 0
configure:4286: result: yes
configure:4286: checking lua5.1/lualib.h presence
configure:4286: gcc -E  -I/usr/include/libircclient/ conftest.c
configure:4286: $? = 0
configure:4286: result: yes
configure:4286: checking for lua5.1/lualib.h
configure:4286: result: yes
configure:4298: checking lua5.1/luaxlib.h usability
configure:4298: gcc -c -g -O2   -I/usr/include/libircclient/ conftest.c >&5
conftest.c:65: fatal error: lua5.1/luaxlib.h: No such file or directory
compilation terminated.
configure:4298: $? = 1
configure: failed program was:
| /* confdefs.h */
| #define PACKAGE_NAME "irccmd"
| #define PACKAGE_TARNAME "irccmd"
| #define PACKAGE_VERSION "1.0"
| #define PACKAGE_STRING "irccmd 1.0"
| #define PACKAGE_BUGREPORT "corpeters@@incas3.eu"
| #define PACKAGE_URL ""
| #define PACKAGE "irccmd"
| #define VERSION "1.0"
| #define HAVE_LIB_LUA5_1 1
| #define HAVE_LIB_ARGTABLE2 1
| #define HAVE_LIB_IRCCLIENT 1
| #define STDC_HEADERS 1
| #define HAVE_SYS_TYPES_H 1
| #define HAVE_SYS_STAT_H 1
| #define HAVE_STDLIB_H 1
| #define HAVE_STRING_H 1
| #define HAVE_MEMORY_H 1
| #define HAVE_STRINGS_H 1
| #define HAVE_INTTYPES_H 1
| #define HAVE_STDINT_H 1
| #define HAVE_UNISTD_H 1
| #define HAVE_STDBOOL_H 1
| #define HAVE_SIGNAL_H 1
| #define HAVE_ERRNO_H 1
| #define HAVE_FCNTL_H 1
| #define HAVE_SYS_SELECT_H 1
| #define HAVE_SYS_TIME_H 1
| #define HAVE_LUA5_1_LUA_H 1
| #define HAVE_LUA5_1_LUALIB_H 1
| /* end confdefs.h.  */
| #include <stdio.h>
| #ifdef HAVE_SYS_TYPES_H
| # include <sys/types.h>
| #endif
| #ifdef HAVE_SYS_STAT_H
| # include <sys/stat.h>
| #endif
| #ifdef STDC_HEADERS
| # include <stdlib.h>
| # include <stddef.h>
| #else
| # ifdef HAVE_STDLIB_H
| #  include <stdlib.h>
| # endif
| #endif
| #ifdef HAVE_STRING_H
| # if !defined STDC_HEADERS && defined HAVE_MEMORY_H
| #  include <memory.h>
| # endif
| # include <string.h>
| #endif
| #ifdef HAVE_STRINGS_H
| # include <strings.h>
| #endif
| #ifdef HAVE_INTTYPES_H
| # include <inttypes.h>
| #endif
| #ifdef HAVE_STDINT_H
| # include <stdint.h>
| #endif
| #ifdef HAVE_UNISTD_H
| # include <unistd.h>
| #endif
| #include <lua5.1/luaxlib.h>
configure:4298: result: no
configure:4298: checking lua5.1/luaxlib.h presence
configure:4298: gcc -E  -I/usr/include/libircclient/ conftest.c
conftest.c:32: fatal error: lua5.1/luaxlib.h: No such file or directory
compilation terminated.
configure:4298: $? = 1
configure: failed program was:
| /* confdefs.h */
| #define PACKAGE_NAME "irccmd"
| #define PACKAGE_TARNAME "irccmd"
| #define PACKAGE_VERSION "1.0"
| #define PACKAGE_STRING "irccmd 1.0"
| #define PACKAGE_BUGREPORT "corpeters@@incas3.eu"
| #define PACKAGE_URL ""
| #define PACKAGE "irccmd"
| #define VERSION "1.0"
| #define HAVE_LIB_LUA5_1 1
| #define HAVE_LIB_ARGTABLE2 1
| #define HAVE_LIB_IRCCLIENT 1
| #define STDC_HEADERS 1
| #define HAVE_SYS_TYPES_H 1
| #define HAVE_SYS_STAT_H 1
| #define HAVE_STDLIB_H 1
| #define HAVE_STRING_H 1
| #define HAVE_MEMORY_H 1
| #define HAVE_STRINGS_H 1
| #define HAVE_INTTYPES_H 1
| #define HAVE_STDINT_H 1
| #define HAVE_UNISTD_H 1
| #define HAVE_STDBOOL_H 1
| #define HAVE_SIGNAL_H 1
| #define HAVE_ERRNO_H 1
| #define HAVE_FCNTL_H 1
| #define HAVE_SYS_SELECT_H 1
| #define HAVE_SYS_TIME_H 1
| #define HAVE_LUA5_1_LUA_H 1
| #define HAVE_LUA5_1_LUALIB_H 1
| /* end confdefs.h.  */
| #include <lua5.1/luaxlib.h>
configure:4298: result: no
configure:4298: checking for lua5.1/luaxlib.h
configure:4298: result: no
configure:4310: checking argtable2.h usability
configure:4310: gcc -c -g -O2   -I/usr/include/libircclient/ conftest.c >&5
configure:4310: $? = 0
configure:4310: result: yes
configure:4310: checking argtable2.h presence
configure:4310: gcc -E  -I/usr/include/libircclient/ conftest.c
configure:4310: $? = 0
configure:4310: result: yes
configure:4310: checking for argtable2.h
configure:4310: result: yes
configure:4322: checking libircclient.h usability
configure:4322: gcc -c -g -O2   -I/usr/include/libircclient/ conftest.c >&5
configure:4322: $? = 0
configure:4322: result: yes
configure:4322: checking libircclient.h presence
configure:4322: gcc -E  -I/usr/include/libircclient/ conftest.c
configure:4322: $? = 0
configure:4322: result: yes
configure:4322: checking for libircclient.h
configure:4322: result: yes
configure:4460: creating ./config.status

## ---------------------- ##
## Running config.status. ##
## ---------------------- ##

This file was extended by irccmd config.status 1.0, which was
generated by GNU Autoconf 2.67.  Invocation command line was

  CONFIG_FILES    = 
  CONFIG_HEADERS  = 
  CONFIG_LINKS    = 
  CONFIG_COMMANDS = 
  $ ./config.status 

on cor.incas3.local

config.status:870: creating Makefile
config.status:870: creating src/Makefile
config.status:870: creating src/def.h
config.status:1098: executing depfiles commands
configure:5783: WARNING: unrecognized options: --disable-maintainer-mode

## ---------------- ##
## Cache variables. ##
## ---------------- ##

ac_cv_c_compiler_gnu=yes
ac_cv_env_CC_set=
ac_cv_env_CC_value=
ac_cv_env_CFLAGS_set=set
ac_cv_env_CFLAGS_value='-g -O2 '
ac_cv_env_CPPFLAGS_set=set
ac_cv_env_CPPFLAGS_value=' -I/usr/include/libircclient/'
ac_cv_env_CPP_set=
ac_cv_env_CPP_value=
ac_cv_env_LDFLAGS_set=set
ac_cv_env_LDFLAGS_value='-Wl,-Bsymbolic-functions '
ac_cv_env_LIBS_set=
ac_cv_env_LIBS_value=
ac_cv_env_build_alias_set=set
ac_cv_env_build_alias_value=x86_64-linux-gnu
ac_cv_env_host_alias_set=
ac_cv_env_host_alias_value=
ac_cv_env_target_alias_set=
ac_cv_env_target_alias_value=
ac_cv_header_argtable2_h=yes
ac_cv_header_errno_h=yes
ac_cv_header_fcntl_h=yes
ac_cv_header_inttypes_h=yes
ac_cv_header_libircclient_h=yes
ac_cv_header_lua5_1_lua_h=yes
ac_cv_header_lua5_1_lualib_h=yes
ac_cv_header_lua5_1_luaxlib_h=no
ac_cv_header_memory_h=yes
ac_cv_header_signal_h=yes
ac_cv_header_stdbool_h=yes
ac_cv_header_stdc=yes
ac_cv_header_stdint_h=yes
ac_cv_header_stdlib_h=yes
ac_cv_header_string_h=yes
ac_cv_header_strings_h=yes
ac_cv_header_sys_select_h=yes
ac_cv_header_sys_stat_h=yes
ac_cv_header_sys_time_h=yes
ac_cv_header_sys_types_h=yes
ac_cv_header_unistd_h=yes
ac_cv_lib__argtable2____arg_parse=yes
ac_cv_lib__argtable2____arg_parse_=yes
ac_cv_lib__ircclient____irc_create_session=yes
ac_cv_lib__ircclient____irc_create_session_=yes
ac_cv_lib__lua5_1____luaL_newstate=yes
ac_cv_lib__lua5_1____luaL_newstate_=yes
ac_cv_objext=o
ac_cv_path_EGREP='/bin/grep -E'
ac_cv_path_GREP=/bin/grep
ac_cv_path_install='/usr/bin/install -c'
ac_cv_path_mkdir=/bin/mkdir
ac_cv_prog_AWK=gawk
ac_cv_prog_CPP='gcc -E'
ac_cv_prog_ac_ct_CC=gcc
ac_cv_prog_cc_c89=
ac_cv_prog_cc_g=yes
ac_cv_prog_make_make_set=yes
am_cv_CC_dependencies_compiler_type=none

## ----------------- ##
## Output variables. ##
## ----------------- ##

ACLOCAL='${SHELL} /home/cor/workspace/irccmd/missing --run aclocal-1.11'
AMDEPBACKSLASH=''
AMDEP_FALSE=''
AMDEP_TRUE='#'
AMTAR='${SHELL} /home/cor/workspace/irccmd/missing --run tar'
AUTOCONF='${SHELL} /home/cor/workspace/irccmd/missing --run autoconf'
AUTOHEADER='${SHELL} /home/cor/workspace/irccmd/missing --run autoheader'
AUTOMAKE='${SHELL} /home/cor/workspace/irccmd/missing --run automake-1.11'
AWK='gawk'
CC='gcc'
CCDEPMODE='depmode=none'
CFLAGS='-g -O2 '
CPP='gcc -E'
CPPFLAGS=' -I/usr/include/libircclient/'
CYGPATH_W='echo'
DEFS='-DHAVE_CONFIG_H'
DEPDIR='.deps'
ECHO_C=''
ECHO_N='-n'
ECHO_T=''
EGREP='/bin/grep -E'
EXEEXT=''
GREP='/bin/grep'
INSTALL_DATA='${INSTALL} -m 644'
INSTALL_PROGRAM='${INSTALL}'
INSTALL_SCRIPT='${INSTALL}'
INSTALL_STRIP_PROGRAM='$(install_sh) -c -s'
LDFLAGS='-Wl,-Bsymbolic-functions '
LIBOBJS=''
LIBS='-l ircclient -l argtable2 -l lua5.1 '
LTLIBOBJS=''
MAKEINFO='${SHELL} /home/cor/workspace/irccmd/missing --run makeinfo'
MKDIR_P='/bin/mkdir -p'
OBJEXT='o'
PACKAGE='irccmd'
PACKAGE_BUGREPORT='corpeters@@incas3.eu'
PACKAGE_NAME='irccmd'
PACKAGE_STRING='irccmd 1.0'
PACKAGE_TARNAME='irccmd'
PACKAGE_URL=''
PACKAGE_VERSION='1.0'
PATH_SEPARATOR=':'
SET_MAKE=''
SHELL='/bin/bash'
STRIP=''
VERSION='1.0'
ac_ct_CC='gcc'
am__EXEEXT_FALSE=''
am__EXEEXT_TRUE='#'
am__fastdepCC_FALSE=''
am__fastdepCC_TRUE='#'
am__include='include'
am__isrc=''
am__leading_dot='.'
am__quote=''
am__tar='${AMTAR} chof - "$$tardir"'
am__untar='${AMTAR} xf -'
bindir='${exec_prefix}/bin'
build_alias='x86_64-linux-gnu'
datadir='${datarootdir}'
datarootdir='${prefix}/share'
docdir='${datarootdir}/doc/${PACKAGE_TARNAME}'
dvidir='${docdir}'
exec_prefix='${prefix}'
host_alias=''
htmldir='${docdir}'
includedir='${prefix}/include'
infodir='${prefix}/share/info'
install_sh='${SHELL} /home/cor/workspace/irccmd/install-sh'
libdir='${exec_prefix}/lib'
libexecdir='${prefix}/lib/irccmd'
localedir='${datarootdir}/locale'
localstatedir='/var'
mandir='${prefix}/share/man'
mkdir_p='/bin/mkdir -p'
oldincludedir='/usr/include'
pdfdir='${docdir}'
prefix='/usr'
program_transform_name='s,x,x,'
psdir='${docdir}'
sbindir='${exec_prefix}/sbin'
sharedstatedir='${prefix}/com'
sysconfdir='/etc'
target_alias=''

## ----------- ##
## confdefs.h. ##
## ----------- ##

/* confdefs.h */
#define PACKAGE_NAME "irccmd"
#define PACKAGE_TARNAME "irccmd"
#define PACKAGE_VERSION "1.0"
#define PACKAGE_STRING "irccmd 1.0"
#define PACKAGE_BUGREPORT "corpeters@@incas3.eu"
#define PACKAGE_URL ""
#define PACKAGE "irccmd"
#define VERSION "1.0"
#define HAVE_LIB_LUA5_1 1
#define HAVE_LIB_ARGTABLE2 1
#define HAVE_LIB_IRCCLIENT 1
#define STDC_HEADERS 1
#define HAVE_SYS_TYPES_H 1
#define HAVE_SYS_STAT_H 1
#define HAVE_STDLIB_H 1
#define HAVE_STRING_H 1
#define HAVE_MEMORY_H 1
#define HAVE_STRINGS_H 1
#define HAVE_INTTYPES_H 1
#define HAVE_STDINT_H 1
#define HAVE_UNISTD_H 1
#define HAVE_STDBOOL_H 1
#define HAVE_SIGNAL_H 1
#define HAVE_ERRNO_H 1
#define HAVE_FCNTL_H 1
#define HAVE_SYS_SELECT_H 1
#define HAVE_SYS_TIME_H 1
#define HAVE_LUA5_1_LUA_H 1
#define HAVE_LUA5_1_LUALIB_H 1
#define HAVE_ARGTABLE2_H 1
#define HAVE_LIBIRCCLIENT_H 1

configure: exit 0
